<?xml version="1.0" encoding="UTF-8"?>
<!-- Generated by org.testng.reporters.JUnitXMLReporter -->
<testsuite hostname="Dante-PC" name="Default test" tests="4" failures="0" timestamp="26 Oct 2016 19:13:19 GMT" time="30.287" errors="0">
  <testcase name="testA" time="4.384" classname="com.org.mail.myMailAuto.ExecutingTest"/>
  <testcase name="testB" time="7.48" classname="com.org.mail.myMailAuto.ExecutingTest"/>
  <testcase name="testC" time="5.738" classname="com.org.mail.myMailAuto.ExecutingTest"/>
  <testcase name="testD" time="2.509" classname="com.org.mail.myMailAuto.ExecutingTest"/>
</testsuite> <!-- Default test -->
