<?xml version="1.0" encoding="UTF-8"?>
<testng-results skipped="0" failed="1" total="5" passed="4">
  <reporter-output>
  </reporter-output>
  <suite name="Default suite" duration-ms="74420" started-at="2016-10-27T07:45:26Z" finished-at="2016-10-27T07:46:41Z">
    <groups>
    </groups>
    <test name="Default test" duration-ms="74420" started-at="2016-10-27T07:45:26Z" finished-at="2016-10-27T07:46:41Z">
      <class name="com.org.mail.myMailAuto.ExecutingTest">
        <test-method status="PASS" signature="openBrowser()[pri:0, instance:com.org.mail.myMailAuto.ExecutingTest@3116c353]" name="openBrowser" is-config="true" duration-ms="9083" started-at="2016-10-27T10:45:26Z" finished-at="2016-10-27T10:45:35Z">
          <reporter-output>
          </reporter-output>
        </test-method> <!-- openBrowser -->
        <test-method status="PASS" signature="testA()[pri:0, instance:com.org.mail.myMailAuto.ExecutingTest@3116c353]" name="testA" duration-ms="125" started-at="2016-10-27T10:45:35Z" finished-at="2016-10-27T10:45:36Z">
          <reporter-output>
          </reporter-output>
        </test-method> <!-- testA -->
        <test-method status="PASS" signature="openBrowser()[pri:0, instance:com.org.mail.myMailAuto.ExecutingTest@3116c353]" name="openBrowser" is-config="true" duration-ms="1897" started-at="2016-10-27T10:45:36Z" finished-at="2016-10-27T10:45:37Z">
          <reporter-output>
          </reporter-output>
        </test-method> <!-- openBrowser -->
        <test-method status="PASS" signature="testB()[pri:0, instance:com.org.mail.myMailAuto.ExecutingTest@3116c353]" name="testB" duration-ms="4586" started-at="2016-10-27T10:45:37Z" description="Upload the profile picture" finished-at="2016-10-27T10:45:42Z">
          <reporter-output>
          </reporter-output>
        </test-method> <!-- testB -->
        <test-method status="PASS" signature="openBrowser()[pri:0, instance:com.org.mail.myMailAuto.ExecutingTest@3116c353]" name="openBrowser" is-config="true" duration-ms="2220" started-at="2016-10-27T10:45:42Z" finished-at="2016-10-27T10:45:44Z">
          <reporter-output>
          </reporter-output>
        </test-method> <!-- openBrowser -->
        <test-method status="PASS" signature="testC()[pri:0, instance:com.org.mail.myMailAuto.ExecutingTest@3116c353]" name="testC" duration-ms="5105" started-at="2016-10-27T10:45:44Z" description="Send a email" finished-at="2016-10-27T10:45:49Z">
          <reporter-output>
          </reporter-output>
        </test-method> <!-- testC -->
        <test-method status="PASS" signature="openBrowser()[pri:0, instance:com.org.mail.myMailAuto.ExecutingTest@3116c353]" name="openBrowser" is-config="true" duration-ms="2728" started-at="2016-10-27T10:45:49Z" finished-at="2016-10-27T10:45:52Z">
          <reporter-output>
          </reporter-output>
        </test-method> <!-- openBrowser -->
        <test-method status="FAIL" signature="testD()[pri:0, instance:com.org.mail.myMailAuto.ExecutingTest@3116c353]" name="testD" duration-ms="29941" started-at="2016-10-27T10:45:52Z" description="delete the mails" finished-at="2016-10-27T10:46:22Z">
          <exception class="org.openqa.selenium.UnhandledAlertException">
            <message>
              <![CDATA[Unexpected modal dialog (text: Удалить письма?): Удалить письма?
Build info: version: '2.53.1', revision: 'a36b8b1cd5757287168e54b817830adce9b0158d', time: '2016-06-30 19:26:09'
System info: host: 'ws-tr-cp1218', ip: '172.20.20.99', os.name: 'Windows 10', os.arch: 'amd64', os.version: '10.0', java.version: '1.8.0_101'
Driver info: org.openqa.selenium.firefox.FirefoxDriver
Capabilities [{applicationCacheEnabled=true, rotatable=false, handlesAlerts=true, databaseEnabled=true, version=46.0, platform=WINDOWS, nativeEvents=false, acceptSslCerts=true, webStorageEnabled=true, locationContextEnabled=true, browserName=firefox, takesScreenshot=true, javascriptEnabled=true, cssSelectorsEnabled=true}]
Session ID: c9ce221c-1920-4f6a-9f92-96d5f48c5e96
*** Element info: {Using=xpath, value=.//*[@id='mesgList']/div/span[1]/span[1]/input}]]>
            </message>
            <full-stacktrace>
              <![CDATA[org.openqa.selenium.UnhandledAlertException: Unexpected modal dialog (text: Удалить письма?): Удалить письма?
Build info: version: '2.53.1', revision: 'a36b8b1cd5757287168e54b817830adce9b0158d', time: '2016-06-30 19:26:09'
System info: host: 'ws-tr-cp1218', ip: '172.20.20.99', os.name: 'Windows 10', os.arch: 'amd64', os.version: '10.0', java.version: '1.8.0_101'
Driver info: org.openqa.selenium.firefox.FirefoxDriver
Capabilities [{applicationCacheEnabled=true, rotatable=false, handlesAlerts=true, databaseEnabled=true, version=46.0, platform=WINDOWS, nativeEvents=false, acceptSslCerts=true, webStorageEnabled=true, locationContextEnabled=true, browserName=firefox, takesScreenshot=true, javascriptEnabled=true, cssSelectorsEnabled=true}]
Session ID: c9ce221c-1920-4f6a-9f92-96d5f48c5e96
*** Element info: {Using=xpath, value=.//*[@id='mesgList']/div/span[1]/span[1]/input}
	at sun.reflect.NativeConstructorAccessorImpl.newInstance0(Native Method)
	at sun.reflect.NativeConstructorAccessorImpl.newInstance(Unknown Source)
	at sun.reflect.DelegatingConstructorAccessorImpl.newInstance(Unknown Source)
	at java.lang.reflect.Constructor.newInstance(Unknown Source)
	at org.openqa.selenium.remote.ErrorHandler.createThrowable(ErrorHandler.java:206)
	at org.openqa.selenium.remote.ErrorHandler.createUnhandledAlertException(ErrorHandler.java:187)
	at org.openqa.selenium.remote.ErrorHandler.throwIfResponseFailed(ErrorHandler.java:154)
	at org.openqa.selenium.remote.RemoteWebDriver.execute(RemoteWebDriver.java:678)
	at org.openqa.selenium.remote.RemoteWebDriver.findElement(RemoteWebDriver.java:363)
	at org.openqa.selenium.remote.RemoteWebDriver.findElementByXPath(RemoteWebDriver.java:500)
	at org.openqa.selenium.By$ByXPath.findElement(By.java:361)
	at org.openqa.selenium.remote.RemoteWebDriver.findElement(RemoteWebDriver.java:355)
	at org.openqa.selenium.support.pagefactory.DefaultElementLocator.findElement(DefaultElementLocator.java:69)
	at org.openqa.selenium.support.pagefactory.internal.LocatingElementHandler.invoke(LocatingElementHandler.java:38)
	at com.sun.proxy.$Proxy7.isSelected(Unknown Source)
	at com.org.mail.myMailAuto.MailBox.deleteMail(MailBox.java:101)
	at com.org.mail.myMailAuto.ExecutingTest.testD(ExecutingTest.java:47)
	at sun.reflect.NativeMethodAccessorImpl.invoke0(Native Method)
	at sun.reflect.NativeMethodAccessorImpl.invoke(Unknown Source)
	at sun.reflect.DelegatingMethodAccessorImpl.invoke(Unknown Source)
	at java.lang.reflect.Method.invoke(Unknown Source)
	at org.testng.internal.MethodInvocationHelper.invokeMethod(MethodInvocationHelper.java:100)
	at org.testng.internal.Invoker.invokeMethod(Invoker.java:646)
	at org.testng.internal.Invoker.invokeTestMethod(Invoker.java:811)
	at org.testng.internal.Invoker.invokeTestMethods(Invoker.java:1137)
	at org.testng.internal.TestMethodWorker.invokeTestMethods(TestMethodWorker.java:129)
	at org.testng.internal.TestMethodWorker.run(TestMethodWorker.java:112)
	at org.testng.TestRunner.privateRun(TestRunner.java:753)
	at org.testng.TestRunner.run(TestRunner.java:607)
	at org.testng.SuiteRunner.runTest(SuiteRunner.java:368)
	at org.testng.SuiteRunner.runSequentially(SuiteRunner.java:363)
	at org.testng.SuiteRunner.privateRun(SuiteRunner.java:321)
	at org.testng.SuiteRunner.run(SuiteRunner.java:270)
	at org.testng.SuiteRunnerWorker.runSuite(SuiteRunnerWorker.java:52)
	at org.testng.SuiteRunnerWorker.run(SuiteRunnerWorker.java:86)
	at org.testng.TestNG.runSuitesSequentially(TestNG.java:1284)
	at org.testng.TestNG.runSuitesLocally(TestNG.java:1209)
	at org.testng.TestNG.runSuites(TestNG.java:1124)
	at org.testng.TestNG.run(TestNG.java:1096)
	at org.testng.remote.AbstractRemoteTestNG.run(AbstractRemoteTestNG.java:132)
	at org.testng.remote.RemoteTestNG.initAndRun(RemoteTestNG.java:236)
	at org.testng.remote.RemoteTestNG.main(RemoteTestNG.java:81)
]]>
            </full-stacktrace>
          </exception> <!-- org.openqa.selenium.UnhandledAlertException -->
          <reporter-output>
          </reporter-output>
        </test-method> <!-- testD -->
        <test-method status="PASS" signature="openBrowser()[pri:0, instance:com.org.mail.myMailAuto.ExecutingTest@3116c353]" name="openBrowser" is-config="true" duration-ms="1571" started-at="2016-10-27T10:46:22Z" finished-at="2016-10-27T10:46:24Z">
          <reporter-output>
          </reporter-output>
        </test-method> <!-- openBrowser -->
        <test-method status="PASS" signature="testE()[pri:0, instance:com.org.mail.myMailAuto.ExecutingTest@3116c353]" name="testE" duration-ms="15954" started-at="2016-10-27T10:46:24Z" description="massive test case with all the features" finished-at="2016-10-27T10:46:40Z">
          <reporter-output>
          </reporter-output>
        </test-method> <!-- testE -->
        <test-method status="PASS" signature="quit()[pri:0, instance:com.org.mail.myMailAuto.ExecutingTest@3116c353]" name="quit" is-config="true" duration-ms="1186" started-at="2016-10-27T10:46:40Z" finished-at="2016-10-27T10:46:41Z">
          <reporter-output>
          </reporter-output>
        </test-method> <!-- quit -->
      </class> <!-- com.org.mail.myMailAuto.ExecutingTest -->
    </test> <!-- Default test -->
  </suite> <!-- Default suite -->
</testng-results>
