<?xml version="1.0" encoding="UTF-8"?>
<testng-results skipped="0" failed="0" total="1" passed="1">
  <reporter-output>
  </reporter-output>
  <suite name="Default suite" duration-ms="3475" started-at="2016-10-26T08:50:36Z" finished-at="2016-10-26T08:50:39Z">
    <groups>
    </groups>
    <test name="Default test" duration-ms="3475" started-at="2016-10-26T08:50:36Z" finished-at="2016-10-26T08:50:39Z">
      <class name="com.org.mail.myMailAuto.ExecutingTest">
        <test-method status="PASS" signature="checkLogin()[pri:0, instance:com.org.mail.myMailAuto.ExecutingTest@407a7f2a]" name="checkLogin" duration-ms="3462" started-at="2016-10-26T11:50:36Z" finished-at="2016-10-26T11:50:39Z">
          <reporter-output>
          </reporter-output>
        </test-method> <!-- checkLogin -->
      </class> <!-- com.org.mail.myMailAuto.ExecutingTest -->
    </test> <!-- Default test -->
  </suite> <!-- Default suite -->
</testng-results>
